<?xml version="1.0" encoding="UTF-8"?>
<coverage generated="1707978291687" clover="3.2.0">
  <project timestamp="1707978291687" name="All files">
    <metrics statements="26" coveredstatements="26" conditionals="18" coveredconditionals="18" methods="4" coveredmethods="4" elements="48" coveredelements="48" complexity="0" loc="26" ncloc="26" packages="1" files="1" classes="1"/>
    <file name="maxScore.js" path="/Users/ksukuper/JS/JS/maxScore.js">
      <metrics statements="26" coveredstatements="26" conditionals="18" coveredconditionals="18" methods="4" coveredmethods="4"/>
      <line num="1" count="1" type="stmt"/>
      <line num="3" count="13" type="cond" truecount="4" falsecount="0"/>
      <line num="4" count="4" type="stmt"/>
      <line num="6" count="9" type="stmt"/>
      <line num="7" count="9" type="stmt"/>
      <line num="8" count="9" type="stmt"/>
      <line num="9" count="36" type="cond" truecount="4" falsecount="0"/>
      <line num="10" count="5" type="stmt"/>
      <line num="12" count="31" type="stmt"/>
      <line num="13" count="40" type="cond" truecount="2" falsecount="0"/>
      <line num="14" count="9" type="stmt"/>
      <line num="15" count="9" type="stmt"/>
      <line num="16" count="31" type="cond" truecount="2" falsecount="0"/>
      <line num="17" count="4" type="stmt"/>
      <line num="21" count="9" type="cond" truecount="2" falsecount="0"/>
      <line num="22" count="4" type="stmt"/>
      <line num="23" count="4" type="stmt"/>
      <line num="27" count="5" type="stmt"/>
      <line num="28" count="5" type="stmt"/>
      <line num="29" count="5" type="cond" truecount="2" falsecount="0"/>
      <line num="30" count="1" type="stmt"/>
      <line num="33" count="5" type="cond" truecount="2" falsecount="0"/>
      <line num="34" count="5" type="stmt"/>
      <line num="38" count="9" type="stmt"/>
      <line num="41" count="1" type="stmt"/>
      <line num="43" count="1" type="stmt"/>
    </file>
  </project>
</coverage>
