<?xml version="1.0" encoding="UTF-8"?>
<coverage generated="1707886378489" clover="3.2.0">
  <project timestamp="1707886378489" name="All files">
    <metrics statements="25" coveredstatements="23" conditionals="18" coveredconditionals="17" methods="4" coveredmethods="4" elements="47" coveredelements="44" complexity="0" loc="25" ncloc="25" packages="1" files="1" classes="1"/>
    <file name="maxScore.js" path="/Users/ksukuper/JS/JS/maxScore.js">
      <metrics statements="25" coveredstatements="23" conditionals="18" coveredconditionals="17" methods="4" coveredmethods="4"/>
      <line num="1" count="1" type="stmt"/>
      <line num="3" count="10" type="cond" truecount="4" falsecount="0"/>
      <line num="4" count="2" type="stmt"/>
      <line num="6" count="8" type="stmt"/>
      <line num="7" count="8" type="stmt"/>
      <line num="8" count="8" type="stmt"/>
      <line num="9" count="34" type="cond" truecount="4" falsecount="0"/>
      <line num="10" count="3" type="stmt"/>
      <line num="12" count="31" type="stmt"/>
      <line num="13" count="41" type="cond" truecount="4" falsecount="0"/>
      <line num="14" count="1" type="stmt"/>
      <line num="16" count="40" type="cond" truecount="2" falsecount="0"/>
      <line num="17" count="9" type="stmt"/>
      <line num="18" count="9" type="stmt"/>
      <line num="19" count="31" type="cond" truecount="2" falsecount="0"/>
      <line num="20" count="4" type="stmt"/>
      <line num="24" count="8" type="stmt"/>
      <line num="26" count="1" type="stmt"/>
      <line num="27" count="1" type="cond" truecount="1" falsecount="1"/>
      <line num="28" count="0" type="stmt"/>
      <line num="29" count="0" type="stmt"/>
      <line num="33" count="1" type="stmt"/>
      <line num="34" count="1" type="stmt"/>
      <line num="35" count="2" type="stmt"/>
      <line num="39" count="1" type="stmt"/>
    </file>
  </project>
</coverage>
