{"/Users/ksukuper/JS/JS/maxScore.js": {"path":"/Users/ksukuper/JS/JS/maxScore.js","statementMap":{"0":{"start":{"line":1,"column":21},"end":{"line":1,"column":51}},"1":{"start":{"line":3,"column":2},"end":{"line":5,"column":3}},"2":{"start":{"line":4,"column":4},"end":{"line":4,"column":14}},"3":{"start":{"line":6,"column":17},"end":{"line":6,"column":18}},"4":{"start":{"line":7,"column":25},"end":{"line":7,"column":27}},"5":{"start":{"line":8,"column":2},"end":{"line":20,"column":5}},"6":{"start":{"line":9,"column":4},"end":{"line":11,"column":5}},"7":{"start":{"line":10,"column":6},"end":{"line":10,"column":13}},"8":{"start":{"line":12,"column":4},"end":{"line":19,"column":7}},"9":{"start":{"line":13,"column":6},"end":{"line":18,"column":7}},"10":{"start":{"line":14,"column":8},"end":{"line":14,"column":33}},"11":{"start":{"line":15,"column":8},"end":{"line":15,"column":37}},"12":{"start":{"line":16,"column":13},"end":{"line":18,"column":7}},"13":{"start":{"line":17,"column":8},"end":{"line":17,"column":39}},"14":{"start":{"line":21,"column":2},"end":{"line":37,"column":3}},"15":{"start":{"line":22,"column":28},"end":{"line":22,"column":47}},"16":{"start":{"line":23,"column":4},"end":{"line":25,"column":6}},"17":{"start":{"line":27,"column":25},"end":{"line":27,"column":44}},"18":{"start":{"line":28,"column":4},"end":{"line":32,"column":7}},"19":{"start":{"line":29,"column":6},"end":{"line":31,"column":7}},"20":{"start":{"line":30,"column":8},"end":{"line":30,"column":33}},"21":{"start":{"line":33,"column":28},"end":{"line":33,"column":48}},"22":{"start":{"line":34,"column":4},"end":{"line":36,"column":6}},"23":{"start":{"line":38,"column":2},"end":{"line":38,"column":26}},"24":{"start":{"line":41,"column":0},"end":{"line":41,"column":35}},"25":{"start":{"line":43,"column":0},"end":{"line":43,"column":38}}},"fnMap":{"0":{"name":"findMaxScoreStudents","decl":{"start":{"line":2,"column":9},"end":{"line":2,"column":29}},"loc":{"start":{"line":2,"column":44},"end":{"line":39,"column":1}},"line":2},"1":{"name":"(anonymous_1)","decl":{"start":{"line":8,"column":23},"end":{"line":8,"column":24}},"loc":{"start":{"line":8,"column":41},"end":{"line":20,"column":3}},"line":8},"2":{"name":"(anonymous_2)","decl":{"start":{"line":12,"column":25},"end":{"line":12,"column":26}},"loc":{"start":{"line":12,"column":38},"end":{"line":19,"column":5}},"line":12},"3":{"name":"(anonymous_3)","decl":{"start":{"line":28,"column":29},"end":{"line":28,"column":30}},"loc":{"start":{"line":28,"column":42},"end":{"line":32,"column":5}},"line":28}},"branchMap":{"0":{"loc":{"start":{"line":3,"column":2},"end":{"line":5,"column":3}},"type":"if","locations":[{"start":{"line":3,"column":2},"end":{"line":5,"column":3}},{"start":{},"end":{}}],"line":3},"1":{"loc":{"start":{"line":3,"column":6},"end":{"line":3,"column":51}},"type":"binary-expr","locations":[{"start":{"line":3,"column":6},"end":{"line":3,"column":19}},{"start":{"line":3,"column":23},"end":{"line":3,"column":51}}],"line":3},"2":{"loc":{"start":{"line":9,"column":4},"end":{"line":11,"column":5}},"type":"if","locations":[{"start":{"line":9,"column":4},"end":{"line":11,"column":5}},{"start":{},"end":{}}],"line":9},"3":{"loc":{"start":{"line":9,"column":8},"end":{"line":9,"column":53}},"type":"binary-expr","locations":[{"start":{"line":9,"column":8},"end":{"line":9,"column":21}},{"start":{"line":9,"column":25},"end":{"line":9,"column":53}}],"line":9},"4":{"loc":{"start":{"line":13,"column":6},"end":{"line":18,"column":7}},"type":"if","locations":[{"start":{"line":13,"column":6},"end":{"line":18,"column":7}},{"start":{"line":16,"column":13},"end":{"line":18,"column":7}}],"line":13},"5":{"loc":{"start":{"line":16,"column":13},"end":{"line":18,"column":7}},"type":"if","locations":[{"start":{"line":16,"column":13},"end":{"line":18,"column":7}},{"start":{},"end":{}}],"line":16},"6":{"loc":{"start":{"line":21,"column":2},"end":{"line":37,"column":3}},"type":"if","locations":[{"start":{"line":21,"column":2},"end":{"line":37,"column":3}},{"start":{"line":26,"column":9},"end":{"line":37,"column":3}}],"line":21},"7":{"loc":{"start":{"line":29,"column":6},"end":{"line":31,"column":7}},"type":"if","locations":[{"start":{"line":29,"column":6},"end":{"line":31,"column":7}},{"start":{},"end":{}}],"line":29},"8":{"loc":{"start":{"line":33,"column":28},"end":{"line":33,"column":48}},"type":"binary-expr","locations":[{"start":{"line":33,"column":28},"end":{"line":33,"column":42}},{"start":{"line":33,"column":46},"end":{"line":33,"column":48}}],"line":33}},"s":{"0":1,"1":13,"2":4,"3":9,"4":9,"5":9,"6":36,"7":5,"8":31,"9":40,"10":9,"11":9,"12":31,"13":4,"14":9,"15":4,"16":4,"17":5,"18":5,"19":5,"20":1,"21":5,"22":5,"23":9,"24":1,"25":1},"f":{"0":13,"1":36,"2":40,"3":5},"b":{"0":[4,9],"1":[13,10],"2":[5,31],"3":[36,34],"4":[9,31],"5":[4,27],"6":[4,5],"7":[1,4],"8":[5,3]},"_coverageSchema":"1a1c01bbd47fc00a2c39e90264f33305004495a9","hash":"99be3bea557786779ab1e75ff2726e74e465dcf0"}
}
