{"/Users/ksukuper/JS/JS/maxScore.js": {"path":"/Users/ksukuper/JS/JS/maxScore.js","statementMap":{"0":{"start":{"line":37,"column":21},"end":{"line":37,"column":51}},"1":{"start":{"line":39,"column":2},"end":{"line":41,"column":3}},"2":{"start":{"line":40,"column":4},"end":{"line":40,"column":14}},"3":{"start":{"line":42,"column":17},"end":{"line":42,"column":18}},"4":{"start":{"line":43,"column":25},"end":{"line":43,"column":27}},"5":{"start":{"line":44,"column":2},"end":{"line":59,"column":5}},"6":{"start":{"line":45,"column":4},"end":{"line":47,"column":5}},"7":{"start":{"line":46,"column":6},"end":{"line":46,"column":13}},"8":{"start":{"line":48,"column":4},"end":{"line":58,"column":7}},"9":{"start":{"line":49,"column":6},"end":{"line":51,"column":7}},"10":{"start":{"line":50,"column":8},"end":{"line":50,"column":15}},"11":{"start":{"line":52,"column":6},"end":{"line":57,"column":7}},"12":{"start":{"line":53,"column":8},"end":{"line":53,"column":33}},"13":{"start":{"line":54,"column":8},"end":{"line":54,"column":37}},"14":{"start":{"line":55,"column":13},"end":{"line":57,"column":7}},"15":{"start":{"line":56,"column":8},"end":{"line":56,"column":39}},"16":{"start":{"line":60,"column":2},"end":{"line":60,"column":26}},"17":{"start":{"line":62,"column":23},"end":{"line":62,"column":57}},"18":{"start":{"line":63,"column":0},"end":{"line":73,"column":1}},"19":{"start":{"line":64,"column":26},"end":{"line":64,"column":45}},"20":{"start":{"line":65,"column":2},"end":{"line":67,"column":4}},"21":{"start":{"line":69,"column":2},"end":{"line":69,"column":75}},"22":{"start":{"line":70,"column":2},"end":{"line":72,"column":5}},"23":{"start":{"line":71,"column":4},"end":{"line":71,"column":38}},"24":{"start":{"line":75,"column":0},"end":{"line":75,"column":38}}},"fnMap":{"0":{"name":"findMaxScoreStudents","decl":{"start":{"line":38,"column":9},"end":{"line":38,"column":29}},"loc":{"start":{"line":38,"column":44},"end":{"line":61,"column":1}},"line":38},"1":{"name":"(anonymous_1)","decl":{"start":{"line":44,"column":23},"end":{"line":44,"column":24}},"loc":{"start":{"line":44,"column":41},"end":{"line":59,"column":3}},"line":44},"2":{"name":"(anonymous_2)","decl":{"start":{"line":48,"column":25},"end":{"line":48,"column":26}},"loc":{"start":{"line":48,"column":38},"end":{"line":58,"column":5}},"line":48},"3":{"name":"(anonymous_3)","decl":{"start":{"line":70,"column":27},"end":{"line":70,"column":28}},"loc":{"start":{"line":70,"column":48},"end":{"line":72,"column":3}},"line":70}},"branchMap":{"0":{"loc":{"start":{"line":39,"column":2},"end":{"line":41,"column":3}},"type":"if","locations":[{"start":{"line":39,"column":2},"end":{"line":41,"column":3}},{"start":{},"end":{}}],"line":39},"1":{"loc":{"start":{"line":39,"column":6},"end":{"line":39,"column":51}},"type":"binary-expr","locations":[{"start":{"line":39,"column":6},"end":{"line":39,"column":19}},{"start":{"line":39,"column":23},"end":{"line":39,"column":51}}],"line":39},"2":{"loc":{"start":{"line":45,"column":4},"end":{"line":47,"column":5}},"type":"if","locations":[{"start":{"line":45,"column":4},"end":{"line":47,"column":5}},{"start":{},"end":{}}],"line":45},"3":{"loc":{"start":{"line":45,"column":8},"end":{"line":45,"column":53}},"type":"binary-expr","locations":[{"start":{"line":45,"column":8},"end":{"line":45,"column":21}},{"start":{"line":45,"column":25},"end":{"line":45,"column":53}}],"line":45},"4":{"loc":{"start":{"line":49,"column":6},"end":{"line":51,"column":7}},"type":"if","locations":[{"start":{"line":49,"column":6},"end":{"line":51,"column":7}},{"start":{},"end":{}}],"line":49},"5":{"loc":{"start":{"line":49,"column":10},"end":{"line":49,"column":49}},"type":"binary-expr","locations":[{"start":{"line":49,"column":10},"end":{"line":49,"column":18}},{"start":{"line":49,"column":22},"end":{"line":49,"column":49}}],"line":49},"6":{"loc":{"start":{"line":52,"column":6},"end":{"line":57,"column":7}},"type":"if","locations":[{"start":{"line":52,"column":6},"end":{"line":57,"column":7}},{"start":{"line":55,"column":13},"end":{"line":57,"column":7}}],"line":52},"7":{"loc":{"start":{"line":55,"column":13},"end":{"line":57,"column":7}},"type":"if","locations":[{"start":{"line":55,"column":13},"end":{"line":57,"column":7}},{"start":{},"end":{}}],"line":55},"8":{"loc":{"start":{"line":63,"column":0},"end":{"line":73,"column":1}},"type":"if","locations":[{"start":{"line":63,"column":0},"end":{"line":73,"column":1}},{"start":{"line":68,"column":7},"end":{"line":73,"column":1}}],"line":63}},"s":{"0":1,"1":9,"2":2,"3":7,"4":7,"5":7,"6":33,"7":3,"8":30,"9":40,"10":0,"11":40,"12":11,"13":11,"14":29,"15":3,"16":7,"17":1,"18":1,"19":1,"20":1,"21":0,"22":0,"23":0,"24":1},"f":{"0":9,"1":33,"2":40,"3":0},"b":{"0":[2,7],"1":[9,7],"2":[3,30],"3":[33,31],"4":[0,40],"5":[40,40],"6":[11,29],"7":[3,26],"8":[1,0]},"_coverageSchema":"1a1c01bbd47fc00a2c39e90264f33305004495a9","hash":"fc126a9c088636d3e1c900f04a73c1d2f6d755a8"}
}
