TN:
SF:maxScore.js
FN:2,findMaxScoreStudents
FN:8,(anonymous_1)
FN:12,(anonymous_2)
FN:34,(anonymous_3)
FNF:4
FNH:4
FNDA:13,findMaxScoreStudents
FNDA:39,(anonymous_1)
FNDA:66,(anonymous_2)
FNDA:2,(anonymous_3)
DA:1,1
DA:3,13
DA:4,2
DA:6,11
DA:7,11
DA:8,11
DA:9,39
DA:10,3
DA:12,36
DA:13,66
DA:14,1
DA:16,65
DA:17,12
DA:18,12
DA:19,53
DA:20,6
DA:24,11
DA:26,1
DA:27,1
DA:28,0
DA:29,0
DA:33,1
DA:34,1
DA:35,2
DA:39,1
LF:25
LH:23
BRDA:3,0,0,2
BRDA:3,0,1,11
BRDA:3,1,0,13
BRDA:3,1,1,11
BRDA:9,2,0,3
BRDA:9,2,1,36
BRDA:9,3,0,39
BRDA:9,3,1,37
BRDA:13,4,0,1
BRDA:13,4,1,65
BRDA:13,5,0,66
BRDA:13,5,1,66
BRDA:16,6,0,12
BRDA:16,6,1,53
BRDA:19,7,0,6
BRDA:19,7,1,47
BRDA:27,8,0,0
BRDA:27,8,1,1
BRF:18
BRH:17
end_of_record
