TN:
SF:maxScore.js
FN:38,findMaxScoreStudents
FN:44,(anonymous_1)
FN:48,(anonymous_2)
FN:70,(anonymous_3)
FNF:4
FNH:3
FNDA:9,findMaxScoreStudents
FNDA:33,(anonymous_1)
FNDA:40,(anonymous_2)
FNDA:0,(anonymous_3)
DA:37,1
DA:39,9
DA:40,2
DA:42,7
DA:43,7
DA:44,7
DA:45,33
DA:46,3
DA:48,30
DA:49,40
DA:50,0
DA:52,40
DA:53,11
DA:54,11
DA:55,29
DA:56,3
DA:60,7
DA:62,1
DA:63,1
DA:64,1
DA:65,1
DA:69,0
DA:70,0
DA:71,0
DA:75,1
LF:25
LH:21
BRDA:39,0,0,2
BRDA:39,0,1,7
BRDA:39,1,0,9
BRDA:39,1,1,7
BRDA:45,2,0,3
BRDA:45,2,1,30
BRDA:45,3,0,33
BRDA:45,3,1,31
BRDA:49,4,0,0
BRDA:49,4,1,40
BRDA:49,5,0,40
BRDA:49,5,1,40
BRDA:52,6,0,11
BRDA:52,6,1,29
BRDA:55,7,0,3
BRDA:55,7,1,26
BRDA:63,8,0,1
BRDA:63,8,1,0
BRF:18
BRH:16
end_of_record
